<?xml version="1.0" encoding="UTF-8"?>
<testsuite xmlns:xsi="http://www.w3.org/2001/XMLSchema-instance" xsi:noNamespaceSchemaLocation="https://maven.apache.org/surefire/maven-surefire-plugin/xsd/surefire-test-report-3.0.xsd" version="3.0" name="runner.TestRunner" time="513.621" tests="27" errors="0" skipped="0" failures="0">
  <properties>
[...]
</properties>
  <testcase name="CP-05 Registro de empleado con datos desde Excel #1" classname="Gestión de Empleados Data-Driven en OrangeHRM" time="19.019">
    <system-out><![CDATA[
@datadriven @caso5 @smoke
Esquema del escenario: CP-05 Registro de empleado con datos desde Excel # src/test/resources/features/empleados.feature:20
  Dado el administrador está autenticado y accede al módulo PIM         # stepDefinitions.EmpleadosSteps.admin_autenticado_pim()
  Cuando hace clic en el botón para agregar un nuevo empleado           # stepDefinitions.EmpleadosSteps.click_agregar_empleado()
CASO 5 - Fila 1: Juan Perez
  Y carga nombre y apellido desde la fila 1 del archivo de empleados    # stepDefinitions.EmpleadosSteps.carga_datos_empleado_excel(int)
  Y confirma el registro presionando Guardar                            # stepDefinitions.EmpleadosSteps.confirma_registro_guardar()
CASO 5 OK: Empleado registrado, ficha abierta
  Entonces el sistema debe abrir la ficha del nuevo empleado            # stepDefinitions.EmpleadosSteps.sistema_abre_ficha_empleado()
]]></system-out>
    <system-err><![CDATA[SLF4J(W): No SLF4J providers were found.
SLF4J(W): Defaulting to no-operation (NOP) logger implementation
SLF4J(W): See https://www.slf4j.org/codes.html#noProviders for further details.
jun 04, 2026 9:36:08 P. M. org.openqa.selenium.devtools.CdpVersionFinder findNearestMatch
WARNING: Unable to find CDP implementation matching 148
jun 04, 2026 9:36:08 P. M. org.openqa.selenium.chromium.ChromiumDriver lambda$new$5
WARNING: Unable to find version of CDP to use for 148.0.7778.218. You may need to include a dependency on a specific version of the CDP using something similar to `org.seleniumhq.selenium:selenium-devtools-v86:4.20.0` where the version ("v86") matches the version of the chromium-based browser you're using and the version number of the artifact is the same as Selenium's.
ERROR StatusLogger Log4j2 could not find a logging implementation. Please add log4j-core to the classpath. Using SimpleLogger to log to the console...
]]></system-err>
  </testcase>
  <testcase name="CP-05 Registro de empleado con datos desde Excel #2" classname="Gestión de Empleados Data-Driven en OrangeHRM" time="16.527">
    <system-out><![CDATA[
@datadriven @caso5 @smoke
Esquema del escenario: CP-05 Registro de empleado con datos desde Excel # src/test/resources/features/empleados.feature:21
  Dado el administrador está autenticado y accede al módulo PIM         # stepDefinitions.EmpleadosSteps.admin_autenticado_pim()
  Cuando hace clic en el botón para agregar un nuevo empleado           # stepDefinitions.EmpleadosSteps.click_agregar_empleado()
CASO 5 - Fila 2: Maria Gonzalez
  Y carga nombre y apellido desde la fila 2 del archivo de empleados    # stepDefinitions.EmpleadosSteps.carga_datos_empleado_excel(int)
  Y confirma el registro presionando Guardar                            # stepDefinitions.EmpleadosSteps.confirma_registro_guardar()
CASO 5 OK: Empleado registrado, ficha abierta
  Entonces el sistema debe abrir la ficha del nuevo empleado            # stepDefinitions.EmpleadosSteps.sistema_abre_ficha_empleado()
]]></system-out>
    <system-err><![CDATA[jun 04, 2026 9:36:26 P. M. org.openqa.selenium.devtools.CdpVersionFinder findNearestMatch
WARNING: Unable to find CDP implementation matching 148
jun 04, 2026 9:36:26 P. M. org.openqa.selenium.chromium.ChromiumDriver lambda$new$5
WARNING: Unable to find version of CDP to use for 148.0.7778.218. You may need to include a dependency on a specific version of the CDP using something similar to `org.seleniumhq.selenium:selenium-devtools-v86:4.20.0` where the version ("v86") matches the version of the chromium-based browser you're using and the version number of the artifact is the same as Selenium's.
]]></system-err>
  </testcase>
  <testcase name="CP-05 Registro de empleado con datos desde Excel #3" classname="Gestión de Empleados Data-Driven en OrangeHRM" time="15.889">
    <system-out><![CDATA[
@datadriven @caso5 @smoke
Esquema del escenario: CP-05 Registro de empleado con datos desde Excel # src/test/resources/features/empleados.feature:22
  Dado el administrador está autenticado y accede al módulo PIM         # stepDefinitions.EmpleadosSteps.admin_autenticado_pim()
  Cuando hace clic en el botón para agregar un nuevo empleado           # stepDefinitions.EmpleadosSteps.click_agregar_empleado()
CASO 5 - Fila 3: Carlos Lopez
  Y carga nombre y apellido desde la fila 3 del archivo de empleados    # stepDefinitions.EmpleadosSteps.carga_datos_empleado_excel(int)
  Y confirma el registro presionando Guardar                            # stepDefinitions.EmpleadosSteps.confirma_registro_guardar()
CASO 5 OK: Empleado registrado, ficha abierta
  Entonces el sistema debe abrir la ficha del nuevo empleado            # stepDefinitions.EmpleadosSteps.sistema_abre_ficha_empleado()
]]></system-out>
    <system-err><![CDATA[jun 04, 2026 9:36:42 P. M. org.openqa.selenium.devtools.CdpVersionFinder findNearestMatch
WARNING: Unable to find CDP implementation matching 148
jun 04, 2026 9:36:42 P. M. org.openqa.selenium.chromium.ChromiumDriver lambda$new$5
WARNING: Unable to find version of CDP to use for 148.0.7778.218. You may need to include a dependency on a specific version of the CDP using something similar to `org.seleniumhq.selenium:selenium-devtools-v86:4.20.0` where the version ("v86") matches the version of the chromium-based browser you're using and the version number of the artifact is the same as Selenium's.
]]></system-err>
  </testcase>
  <testcase name="CP-06 Búsqueda de empleado con filtros desde Excel #1" classname="Gestión de Empleados Data-Driven en OrangeHRM" time="33.503">
    <system-out><![CDATA[
@datadriven @caso6 @smoke
Esquema del escenario: CP-06 Búsqueda de empleado con filtros desde Excel # src/test/resources/features/empleados.feature:33
  Dado el administrador está autenticado y accede al módulo PIM           # stepDefinitions.EmpleadosSteps.admin_autenticado_pim()
CASO 6 - Fila 1 - Filtro nombre: Admin01923810, estado: Active
⚠️ Autocompletado no encontró a: Admin01923810 (Asegúrate de haber corrido el CP-05 primero)
  Cuando busca con los filtros de la fila 1 del archivo de filtros        # stepDefinitions.EmpleadosSteps.busca_con_filtros_excel(int)
CASO 6 OK: Fila 1 validada - esperado: 0 resultados
  Entonces los resultados coinciden con lo esperado en la fila 1          # stepDefinitions.EmpleadosSteps.valida_resultados_excel(int)
]]></system-out>
    <system-err><![CDATA[jun 04, 2026 9:36:58 P. M. org.openqa.selenium.devtools.CdpVersionFinder findNearestMatch
WARNING: Unable to find CDP implementation matching 148
jun 04, 2026 9:36:58 P. M. org.openqa.selenium.chromium.ChromiumDriver lambda$new$5
WARNING: Unable to find version of CDP to use for 148.0.7778.218. You may need to include a dependency on a specific version of the CDP using something similar to `org.seleniumhq.selenium:selenium-devtools-v86:4.20.0` where the version ("v86") matches the version of the chromium-based browser you're using and the version number of the artifact is the same as Selenium's.
]]></system-err>
  </testcase>
  <testcase name="CP-06 Búsqueda de empleado con filtros desde Excel #2" classname="Gestión de Empleados Data-Driven en OrangeHRM" time="29.295">
    <system-out><![CDATA[
@datadriven @caso6 @smoke
Esquema del escenario: CP-06 Búsqueda de empleado con filtros desde Excel # src/test/resources/features/empleados.feature:34
  Dado el administrador está autenticado y accede al módulo PIM           # stepDefinitions.EmpleadosSteps.admin_autenticado_pim()
CASO 6 - Fila 2 - Filtro nombre: ZZZ999, estado: Active
⚠️ Autocompletado no encontró a: ZZZ999 (Asegúrate de haber corrido el CP-05 primero)
  Cuando busca con los filtros de la fila 2 del archivo de filtros        # stepDefinitions.EmpleadosSteps.busca_con_filtros_excel(int)
CASO 6 OK: Fila 2 validada - esperado: 0 resultados
  Entonces los resultados coinciden con lo esperado en la fila 2          # stepDefinitions.EmpleadosSteps.valida_resultados_excel(int)
]]></system-out>
    <system-err><![CDATA[jun 04, 2026 9:37:32 P. M. org.openqa.selenium.devtools.CdpVersionFinder findNearestMatch
WARNING: Unable to find CDP implementation matching 148
jun 04, 2026 9:37:32 P. M. org.openqa.selenium.chromium.ChromiumDriver lambda$new$5
WARNING: Unable to find version of CDP to use for 148.0.7778.218. You may need to include a dependency on a specific version of the CDP using something similar to `org.seleniumhq.selenium:selenium-devtools-v86:4.20.0` where the version ("v86") matches the version of the chromium-based browser you're using and the version number of the artifact is the same as Selenium's.
]]></system-err>
  </testcase>
  <testcase name="CP-06 Búsqueda de empleado con filtros desde Excel #3" classname="Gestión de Empleados Data-Driven en OrangeHRM" time="14.479">
    <system-out><![CDATA[
@datadriven @caso6 @smoke
Esquema del escenario: CP-06 Búsqueda de empleado con filtros desde Excel # src/test/resources/features/empleados.feature:35
  Dado el administrador está autenticado y accede al módulo PIM           # stepDefinitions.EmpleadosSteps.admin_autenticado_pim()
CASO 6 - Fila 3 - Filtro nombre: Juan, estado: Active
  Cuando busca con los filtros de la fila 3 del archivo de filtros        # stepDefinitions.EmpleadosSteps.busca_con_filtros_excel(int)
CASO 6 OK: Fila 3 validada - esperado: 1 resultado
  Entonces los resultados coinciden con lo esperado en la fila 3          # stepDefinitions.EmpleadosSteps.valida_resultados_excel(int)
]]></system-out>
    <system-err><![CDATA[jun 04, 2026 9:38:01 P. M. org.openqa.selenium.devtools.CdpVersionFinder findNearestMatch
WARNING: Unable to find CDP implementation matching 148
jun 04, 2026 9:38:01 P. M. org.openqa.selenium.chromium.ChromiumDriver lambda$new$5
WARNING: Unable to find version of CDP to use for 148.0.7778.218. You may need to include a dependency on a specific version of the CDP using something similar to `org.seleniumhq.selenium:selenium-devtools-v86:4.20.0` where the version ("v86") matches the version of the chromium-based browser you're using and the version number of the artifact is the same as Selenium's.
]]></system-err>
  </testcase>
  <testcase name="CP-07 Edición de empleado con datos desde Excel #1" classname="Gestión de Empleados Data-Driven en OrangeHRM" time="29.0">
    <system-out><![CDATA[
@datadriven @caso7 @regression
Esquema del escenario: CP-07 Edición de empleado con datos desde Excel    # src/test/resources/features/empleados.feature:47
  Dado el administrador está autenticado y accede al módulo PIM           # stepDefinitions.EmpleadosSteps.admin_autenticado_pim()
CASO 7 - Fila 1 - Empleado a editar: Juan Perez
  Cuando busca al empleado por nombre de la fila 1 del archivo de edicion # stepDefinitions.EmpleadosSteps.busca_empleado_para_edicion(int)
CASO 7 - Nuevo cargo: QA Engineer
CASO 7 - Actualización ejecutada para fila 1
  Y actualiza el cargo del empleado con los datos de la fila 1            # stepDefinitions.EmpleadosSteps.actualiza_cargo_empleado(int)
CASO 7 OK: Datos verificados en perfil de empleado
  Entonces los datos actualizados deben reflejarse en el perfil           # stepDefinitions.EmpleadosSteps.datos_actualizados_en_perfil()
]]></system-out>
    <system-err><![CDATA[jun 04, 2026 9:38:16 P. M. org.openqa.selenium.devtools.CdpVersionFinder findNearestMatch
WARNING: Unable to find CDP implementation matching 148
jun 04, 2026 9:38:16 P. M. org.openqa.selenium.chromium.ChromiumDriver lambda$new$5
WARNING: Unable to find version of CDP to use for 148.0.7778.218. You may need to include a dependency on a specific version of the CDP using something similar to `org.seleniumhq.selenium:selenium-devtools-v86:4.20.0` where the version ("v86") matches the version of the chromium-based browser you're using and the version number of the artifact is the same as Selenium's.
]]></system-err>
  </testcase>
  <testcase name="CP-07 Edición de empleado con datos desde Excel #2" classname="Gestión de Empleados Data-Driven en OrangeHRM" time="27.19">
    <system-out><![CDATA[
@datadriven @caso7 @regression
Esquema del escenario: CP-07 Edición de empleado con datos desde Excel    # src/test/resources/features/empleados.feature:48
  Dado el administrador está autenticado y accede al módulo PIM           # stepDefinitions.EmpleadosSteps.admin_autenticado_pim()
CASO 7 - Fila 2 - Empleado a editar: Maria Gonzalez
  Cuando busca al empleado por nombre de la fila 2 del archivo de edicion # stepDefinitions.EmpleadosSteps.busca_empleado_para_edicion(int)
CASO 7 - Nuevo cargo: Developer
CASO 7 - Actualización ejecutada para fila 2
  Y actualiza el cargo del empleado con los datos de la fila 2            # stepDefinitions.EmpleadosSteps.actualiza_cargo_empleado(int)
CASO 7 OK: Datos verificados en perfil de empleado
  Entonces los datos actualizados deben reflejarse en el perfil           # stepDefinitions.EmpleadosSteps.datos_actualizados_en_perfil()
]]></system-out>
    <system-err><![CDATA[jun 04, 2026 9:38:45 P. M. org.openqa.selenium.devtools.CdpVersionFinder findNearestMatch
WARNING: Unable to find CDP implementation matching 148
jun 04, 2026 9:38:45 P. M. org.openqa.selenium.chromium.ChromiumDriver lambda$new$5
WARNING: Unable to find version of CDP to use for 148.0.7778.218. You may need to include a dependency on a specific version of the CDP using something similar to `org.seleniumhq.selenium:selenium-devtools-v86:4.20.0` where the version ("v86") matches the version of the chromium-based browser you're using and the version number of the artifact is the same as Selenium's.
]]></system-err>
  </testcase>
  <testcase name="CP-07 Edición de empleado con datos desde Excel #3" classname="Gestión de Empleados Data-Driven en OrangeHRM" time="19.083">
    <system-out><![CDATA[
@datadriven @caso7 @regression
Esquema del escenario: CP-07 Edición de empleado con datos desde Excel    # src/test/resources/features/empleados.feature:49
  Dado el administrador está autenticado y accede al módulo PIM           # stepDefinitions.EmpleadosSteps.admin_autenticado_pim()
CASO 7 - Fila 3 - Empleado a editar: Carlos Lopez
  Cuando busca al empleado por nombre de la fila 3 del archivo de edicion # stepDefinitions.EmpleadosSteps.busca_empleado_para_edicion(int)
CASO 7 - Nuevo cargo: Product Owner
CASO 7 - Actualización ejecutada para fila 3
  Y actualiza el cargo del empleado con los datos de la fila 3            # stepDefinitions.EmpleadosSteps.actualiza_cargo_empleado(int)
CASO 7 OK: Datos verificados en perfil de empleado
  Entonces los datos actualizados deben reflejarse en el perfil           # stepDefinitions.EmpleadosSteps.datos_actualizados_en_perfil()
]]></system-out>
    <system-err><![CDATA[jun 04, 2026 9:39:12 P. M. org.openqa.selenium.devtools.CdpVersionFinder findNearestMatch
WARNING: Unable to find CDP implementation matching 148
jun 04, 2026 9:39:12 P. M. org.openqa.selenium.chromium.ChromiumDriver lambda$new$5
WARNING: Unable to find version of CDP to use for 148.0.7778.218. You may need to include a dependency on a specific version of the CDP using something similar to `org.seleniumhq.selenium:selenium-devtools-v86:4.20.0` where the version ("v86") matches the version of the chromium-based browser you're using and the version number of the artifact is the same as Selenium's.
]]></system-err>
  </testcase>
  <testcase name="CP-08 Eliminación de empleado con datos desde Excel #1" classname="Gestión de Empleados Data-Driven en OrangeHRM" time="43.111">
    <system-out><![CDATA[
@datadriven @caso8 @regression
Esquema del escenario: CP-08 Eliminación de empleado con datos desde Excel    # src/test/resources/features/empleados.feature:62
  Dado el administrador está autenticado y accede al módulo PIM               # stepDefinitions.EmpleadosSteps.admin_autenticado_pim()
CASO 8 - Fila 1 - Empleado a eliminar: Juan Perez
  Cuando busca al empleado por nombre de la fila 1 del archivo de eliminacion # stepDefinitions.EmpleadosSteps.busca_empleado_para_eliminar(int)
CASO 8: No se encontró empleado para eliminar (puede ya no existir)
  Y selecciona el checkbox y hace click en Delete                             # stepDefinitions.EmpleadosSteps.selecciona_checkbox_y_delete()
CASO 8: Diálogo de confirmación no apareció
  Y confirma la eliminación en el diálogo                                     # stepDefinitions.EmpleadosSteps.confirma_eliminacion_dialogo()
CASO 8 OK: Empleado eliminado o no encontrado
  Entonces el empleado no debe aparecer en la búsqueda posterior              # stepDefinitions.EmpleadosSteps.empleado_no_aparece_en_busqueda()
]]></system-out>
    <system-err><![CDATA[jun 04, 2026 9:39:31 P. M. org.openqa.selenium.devtools.CdpVersionFinder findNearestMatch
WARNING: Unable to find CDP implementation matching 148
jun 04, 2026 9:39:31 P. M. org.openqa.selenium.chromium.ChromiumDriver lambda$new$5
WARNING: Unable to find version of CDP to use for 148.0.7778.218. You may need to include a dependency on a specific version of the CDP using something similar to `org.seleniumhq.selenium:selenium-devtools-v86:4.20.0` where the version ("v86") matches the version of the chromium-based browser you're using and the version number of the artifact is the same as Selenium's.
]]></system-err>
  </testcase>
  <testcase name="CP-08 Eliminación de empleado con datos desde Excel #2" classname="Gestión de Empleados Data-Driven en OrangeHRM" time="43.0">
    <system-out><![CDATA[
@datadriven @caso8 @regression
Esquema del escenario: CP-08 Eliminación de empleado con datos desde Excel    # src/test/resources/features/empleados.feature:63
  Dado el administrador está autenticado y accede al módulo PIM               # stepDefinitions.EmpleadosSteps.admin_autenticado_pim()
CASO 8 - Fila 2 - Empleado a eliminar: Maria Gonzalez
  Cuando busca al empleado por nombre de la fila 2 del archivo de eliminacion # stepDefinitions.EmpleadosSteps.busca_empleado_para_eliminar(int)
CASO 8: No se encontró empleado para eliminar (puede ya no existir)
  Y selecciona el checkbox y hace click en Delete                             # stepDefinitions.EmpleadosSteps.selecciona_checkbox_y_delete()
CASO 8: Diálogo de confirmación no apareció
  Y confirma la eliminación en el diálogo                                     # stepDefinitions.EmpleadosSteps.confirma_eliminacion_dialogo()
CASO 8 OK: Empleado eliminado o no encontrado
  Entonces el empleado no debe aparecer en la búsqueda posterior              # stepDefinitions.EmpleadosSteps.empleado_no_aparece_en_busqueda()
]]></system-out>
    <system-err><![CDATA[jun 04, 2026 9:40:14 P. M. org.openqa.selenium.devtools.CdpVersionFinder findNearestMatch
WARNING: Unable to find CDP implementation matching 148
jun 04, 2026 9:40:14 P. M. org.openqa.selenium.chromium.ChromiumDriver lambda$new$5
WARNING: Unable to find version of CDP to use for 148.0.7778.218. You may need to include a dependency on a specific version of the CDP using something similar to `org.seleniumhq.selenium:selenium-devtools-v86:4.20.0` where the version ("v86") matches the version of the chromium-based browser you're using and the version number of the artifact is the same as Selenium's.
]]></system-err>
  </testcase>
  <testcase name="CP-08 Eliminación de empleado con datos desde Excel #3" classname="Gestión de Empleados Data-Driven en OrangeHRM" time="42.358">
    <system-out><![CDATA[
@datadriven @caso8 @regression
Esquema del escenario: CP-08 Eliminación de empleado con datos desde Excel    # src/test/resources/features/empleados.feature:64
  Dado el administrador está autenticado y accede al módulo PIM               # stepDefinitions.EmpleadosSteps.admin_autenticado_pim()
CASO 8 - Fila 3 - Empleado a eliminar: Carlos Lopez
  Cuando busca al empleado por nombre de la fila 3 del archivo de eliminacion # stepDefinitions.EmpleadosSteps.busca_empleado_para_eliminar(int)
CASO 8: No se encontró empleado para eliminar (puede ya no existir)
  Y selecciona el checkbox y hace click en Delete                             # stepDefinitions.EmpleadosSteps.selecciona_checkbox_y_delete()
CASO 8: Diálogo de confirmación no apareció
  Y confirma la eliminación en el diálogo                                     # stepDefinitions.EmpleadosSteps.confirma_eliminacion_dialogo()
CASO 8 OK: Empleado eliminado o no encontrado
  Entonces el empleado no debe aparecer en la búsqueda posterior              # stepDefinitions.EmpleadosSteps.empleado_no_aparece_en_busqueda()
]]></system-out>
    <system-err><![CDATA[jun 04, 2026 9:40:57 P. M. org.openqa.selenium.devtools.CdpVersionFinder findNearestMatch
WARNING: Unable to find CDP implementation matching 148
jun 04, 2026 9:40:57 P. M. org.openqa.selenium.chromium.ChromiumDriver lambda$new$5
WARNING: Unable to find version of CDP to use for 148.0.7778.218. You may need to include a dependency on a specific version of the CDP using something similar to `org.seleniumhq.selenium:selenium-devtools-v86:4.20.0` where the version ("v86") matches the version of the chromium-based browser you're using and the version number of the artifact is the same as Selenium's.
]]></system-err>
  </testcase>
  <testcase name="CP-14 Registrar licencia con datos desde Excel #1" classname="Solicitud de Licencias en OrangeHRM" time="15.026">
    <system-out><![CDATA[
@licencias @caso14 @regression
Esquema del escenario: CP-14 Registrar licencia con datos desde Excel # src/test/resources/features/licencias.feature:21
  Dado el usuario está autenticado en el sistema                      # stepDefinitions.BusquedaSteps.usuario_autenticado_en_sistema()
  Cuando navega al módulo de solicitud de licencias                   # stepDefinitions.LicenciasSteps.navega_modulo_licencias()
CASO 14 - Fila 1 - Tipo licencia: US - Vacation
  Y selecciona el tipo de licencia de la fila 1                       # stepDefinitions.LicenciasSteps.selecciona_tipo_licencia(int)
CASO 14 - Fechas: desde=2025-07-01 hasta=2025-07-05
  Y ingresa las fechas de la fila 1                                   # stepDefinitions.LicenciasSteps.ingresa_fechas(int)
  Y hace clic en aplicar la solicitud                                 # stepDefinitions.LicenciasSteps.click_aplicar_solicitud()
CASO 14 OK: Licencia registrada - toast visible
  Entonces la solicitud debe quedar registrada en el sistema          # stepDefinitions.LicenciasSteps.solicitud_registrada()
]]></system-out>
    <system-err><![CDATA[jun 04, 2026 9:41:39 P. M. org.openqa.selenium.devtools.CdpVersionFinder findNearestMatch
WARNING: Unable to find CDP implementation matching 148
jun 04, 2026 9:41:39 P. M. org.openqa.selenium.chromium.ChromiumDriver lambda$new$5
WARNING: Unable to find version of CDP to use for 148.0.7778.218. You may need to include a dependency on a specific version of the CDP using something similar to `org.seleniumhq.selenium:selenium-devtools-v86:4.20.0` where the version ("v86") matches the version of the chromium-based browser you're using and the version number of the artifact is the same as Selenium's.
]]></system-err>
  </testcase>
  <testcase name="CP-14 Registrar licencia con datos desde Excel #2" classname="Solicitud de Licencias en OrangeHRM" time="11.671">
    <system-out><![CDATA[
@licencias @caso14 @regression
Esquema del escenario: CP-14 Registrar licencia con datos desde Excel # src/test/resources/features/licencias.feature:22
  Dado el usuario está autenticado en el sistema                      # stepDefinitions.BusquedaSteps.usuario_autenticado_en_sistema()
  Cuando navega al módulo de solicitud de licencias                   # stepDefinitions.LicenciasSteps.navega_modulo_licencias()
CASO 14 - Fila 2 - Tipo licencia: US - Personal
  Y selecciona el tipo de licencia de la fila 2                       # stepDefinitions.LicenciasSteps.selecciona_tipo_licencia(int)
CASO 14 - Fechas: desde=2025-07-10 hasta=2025-07-11
  Y ingresa las fechas de la fila 2                                   # stepDefinitions.LicenciasSteps.ingresa_fechas(int)
  Y hace clic en aplicar la solicitud                                 # stepDefinitions.LicenciasSteps.click_aplicar_solicitud()
CASO 14 OK: Licencia registrada - toast visible
  Entonces la solicitud debe quedar registrada en el sistema          # stepDefinitions.LicenciasSteps.solicitud_registrada()
]]></system-out>
    <system-err><![CDATA[jun 04, 2026 9:41:54 P. M. org.openqa.selenium.devtools.CdpVersionFinder findNearestMatch
WARNING: Unable to find CDP implementation matching 148
jun 04, 2026 9:41:54 P. M. org.openqa.selenium.chromium.ChromiumDriver lambda$new$5
WARNING: Unable to find version of CDP to use for 148.0.7778.218. You may need to include a dependency on a specific version of the CDP using something similar to `org.seleniumhq.selenium:selenium-devtools-v86:4.20.0` where the version ("v86") matches the version of the chromium-based browser you're using and the version number of the artifact is the same as Selenium's.
]]></system-err>
  </testcase>
  <testcase name="CP-14 Registrar licencia con datos desde Excel #3" classname="Solicitud de Licencias en OrangeHRM" time="12.094">
    <system-out><![CDATA[
@licencias @caso14 @regression
Esquema del escenario: CP-14 Registrar licencia con datos desde Excel # src/test/resources/features/licencias.feature:23
  Dado el usuario está autenticado en el sistema                      # stepDefinitions.BusquedaSteps.usuario_autenticado_en_sistema()
  Cuando navega al módulo de solicitud de licencias                   # stepDefinitions.LicenciasSteps.navega_modulo_licencias()
CASO 14 - Fila 3 - Tipo licencia: US - Bereavement
  Y selecciona el tipo de licencia de la fila 3                       # stepDefinitions.LicenciasSteps.selecciona_tipo_licencia(int)
CASO 14 - Fechas: desde=2025-07-20 hasta=2025-07-20
  Y ingresa las fechas de la fila 3                                   # stepDefinitions.LicenciasSteps.ingresa_fechas(int)
  Y hace clic en aplicar la solicitud                                 # stepDefinitions.LicenciasSteps.click_aplicar_solicitud()
CASO 14 OK: Licencia registrada - toast visible
  Entonces la solicitud debe quedar registrada en el sistema          # stepDefinitions.LicenciasSteps.solicitud_registrada()
]]></system-out>
    <system-err><![CDATA[jun 04, 2026 9:42:06 P. M. org.openqa.selenium.devtools.CdpVersionFinder findNearestMatch
WARNING: Unable to find CDP implementation matching 148
jun 04, 2026 9:42:06 P. M. org.openqa.selenium.chromium.ChromiumDriver lambda$new$5
WARNING: Unable to find version of CDP to use for 148.0.7778.218. You may need to include a dependency on a specific version of the CDP using something similar to `org.seleniumhq.selenium:selenium-devtools-v86:4.20.0` where the version ("v86") matches the version of the chromium-based browser you're using and the version number of the artifact is the same as Selenium's.
]]></system-err>
  </testcase>
  <testcase name="CP-01 Login exitoso con credenciales válidas" classname="Autenticación en OrangeHRM" time="7.56">
    <system-out><![CDATA[
@autenticacion @caso1 @smoke
Escenario: CP-01 Login exitoso con credenciales válidas                # src/test/resources/features/login.feature:11
  Dado el usuario navega a "https://opensource-demo.orangehrmlive.com" # stepDefinitions.LoginSteps.el_usuario_navega_a(java.lang.String)
  Cuando ingresa usuario "Admin" y contraseña "admin123"               # stepDefinitions.LoginSteps.ingresa_usuario_y_contrasena(java.lang.String,java.lang.String)
  Y hace click en el botón Login                                       # stepDefinitions.LoginSteps.hace_click_en_boton_login()
Screenshot guardado: evidencias/CP01_LoginExitoso_20260604_214225.png
CASO 1 OK: Login exitoso, screenshot generado
  Entonces debe visualizarse el Dashboard de OrangeHRM                 # stepDefinitions.LoginSteps.debe_visualizarse_el_dashboard()
]]></system-out>
    <system-err><![CDATA[jun 04, 2026 9:42:18 P. M. org.openqa.selenium.devtools.CdpVersionFinder findNearestMatch
WARNING: Unable to find CDP implementation matching 148
jun 04, 2026 9:42:18 P. M. org.openqa.selenium.chromium.ChromiumDriver lambda$new$5
WARNING: Unable to find version of CDP to use for 148.0.7778.218. You may need to include a dependency on a specific version of the CDP using something similar to `org.seleniumhq.selenium:selenium-devtools-v86:4.20.0` where the version ("v86") matches the version of the chromium-based browser you're using and the version number of the artifact is the same as Selenium's.
]]></system-err>
  </testcase>
  <testcase name="CP-02 Login fallido con credenciales inválidas" classname="Autenticación en OrangeHRM" time="7.956">
    <system-out><![CDATA[
@autenticacion @caso2 @smoke
Escenario: CP-02 Login fallido con credenciales inválidas              # src/test/resources/features/login.feature:19
  Dado el usuario navega a "https://opensource-demo.orangehrmlive.com" # stepDefinitions.LoginSteps.el_usuario_navega_a(java.lang.String)
  Cuando ingresa usuario "usuarioFalso" y contraseña "claveErronea"    # stepDefinitions.LoginSteps.ingresa_usuario_y_contrasena(java.lang.String,java.lang.String)
  Y hace click en el botón Login                                       # stepDefinitions.LoginSteps.hace_click_en_boton_login()
Screenshot guardado: evidencias/CP02_LoginFallido_20260604_214233.png
CASO 2 OK: Screenshot de error generado
  Entonces se muestra el mensaje "Invalid credentials"                 # stepDefinitions.LoginSteps.se_muestra_el_mensaje(java.lang.String)
]]></system-out>
    <system-err><![CDATA[jun 04, 2026 9:42:26 P. M. org.openqa.selenium.devtools.CdpVersionFinder findNearestMatch
WARNING: Unable to find CDP implementation matching 148
jun 04, 2026 9:42:26 P. M. org.openqa.selenium.chromium.ChromiumDriver lambda$new$5
WARNING: Unable to find version of CDP to use for 148.0.7778.218. You may need to include a dependency on a specific version of the CDP using something similar to `org.seleniumhq.selenium:selenium-devtools-v86:4.20.0` where the version ("v86") matches the version of the chromium-based browser you're using and the version number of the artifact is the same as Selenium's.
]]></system-err>
  </testcase>
  <testcase name="CP-03 Cierre de sesión correcto" classname="Autenticación en OrangeHRM" time="9.45">
    <system-out><![CDATA[
@autenticacion @caso3 @smoke
Escenario: CP-03 Cierre de sesión correcto         # src/test/resources/features/login.feature:27
  Dado el usuario está autenticado en OrangeHRM    # stepDefinitions.LoginSteps.el_usuario_esta_autenticado()
Screenshot guardado: evidencias/CP03_MenuAbierto_20260604_214241.png
  Cuando hace click en el menú de usuario          # stepDefinitions.LoginSteps.hace_click_en_menu_usuario()
  Y selecciona la opción Logout                    # stepDefinitions.LoginSteps.selecciona_opcion_logout()
Screenshot guardado: evidencias/CP03_LogoutExitoso_20260604_214242.png
CASO 3 OK: Logout exitoso, screenshots generados
  Entonces debe redirigirse a la pantalla de Login # stepDefinitions.LoginSteps.debe_redirigirse_a_login()
]]></system-out>
    <system-err><![CDATA[jun 04, 2026 9:42:34 P. M. org.openqa.selenium.devtools.CdpVersionFinder findNearestMatch
WARNING: Unable to find CDP implementation matching 148
jun 04, 2026 9:42:34 P. M. org.openqa.selenium.chromium.ChromiumDriver lambda$new$5
WARNING: Unable to find version of CDP to use for 148.0.7778.218. You may need to include a dependency on a specific version of the CDP using something similar to `org.seleniumhq.selenium:selenium-devtools-v86:4.20.0` where the version ("v86") matches the version of the chromium-based browser you're using and the version number of the artifact is the same as Selenium's.
]]></system-err>
  </testcase>
  <testcase name="CP-04 Captura automática ante fallo de assert" classname="Autenticación en OrangeHRM" time="7.953">
    <system-out><![CDATA[
@autenticacion @caso4 @regression
Escenario: CP-04 Captura automática ante fallo de assert    # src/test/resources/features/login.feature:35
  Dado el usuario está autenticado en OrangeHRM             # stepDefinitions.LoginSteps.el_usuario_esta_autenticado()
  Cuando navega al módulo About                             # stepDefinitions.LoginSteps.navega_al_modulo_about()
Screenshot guardado: evidencias/CP04_TituloVerificado_20260604_214250.png
CASO 4 OK: Título verificado. Hook @After activo para fallos.
  Entonces el título de la página debe contener "OrangeHRM" # stepDefinitions.LoginSteps.el_titulo_debe_contener(java.lang.String)
]]></system-out>
    <system-err><![CDATA[jun 04, 2026 9:42:43 P. M. org.openqa.selenium.devtools.CdpVersionFinder findNearestMatch
WARNING: Unable to find CDP implementation matching 148
jun 04, 2026 9:42:43 P. M. org.openqa.selenium.chromium.ChromiumDriver lambda$new$5
WARNING: Unable to find version of CDP to use for 148.0.7778.218. You may need to include a dependency on a specific version of the CDP using something similar to `org.seleniumhq.selenium:selenium-devtools-v86:4.20.0` where the version ("v86") matches the version of the chromium-based browser you're using and the version number of the artifact is the same as Selenium's.
]]></system-err>
  </testcase>
  <testcase name="CP-13 Editar campo de perfil con datos desde Excel #1" classname="Actualización de perfil en My Info" time="27.839">
    <system-out><![CDATA[
@perfil @caso13 @regression
Esquema del escenario: CP-13 Editar campo de perfil con datos desde Excel # src/test/resources/features/perfil.feature:21
  Dado el usuario está autenticado en el sistema                          # stepDefinitions.BusquedaSteps.usuario_autenticado_en_sistema()
  Cuando navega al módulo My Info                                         # stepDefinitions.PerfilSteps.navega_a_my_info()
CASO 13 - Fila 1: Campo=Nickname, Valor=JuanQA
Nickname no disponible
  Y actualiza el campo de perfil de la fila 1 del archivo de perfil       # stepDefinitions.PerfilSteps.actualiza_campo_perfil_excel(int)
  Y hace click en Save del perfil                                         # stepDefinitions.PerfilSteps.click_save_perfil()
CASO 13 OK: Campo 'Nickname' actualizado a 'JuanQA'
  Entonces el campo debe reflejar el nuevo valor                          # stepDefinitions.PerfilSteps.campo_refleja_nuevo_valor()
Screenshot guardado: evidencias/CP13_Perfil_Nickname_20260604_214318.png
CASO 13: Screenshot de perfil guardado
  Y se captura screenshot como evidencia del perfil                       # stepDefinitions.PerfilSteps.captura_screenshot_perfil()
]]></system-out>
    <system-err><![CDATA[jun 04, 2026 9:42:51 P. M. org.openqa.selenium.devtools.CdpVersionFinder findNearestMatch
WARNING: Unable to find CDP implementation matching 148
jun 04, 2026 9:42:51 P. M. org.openqa.selenium.chromium.ChromiumDriver lambda$new$5
WARNING: Unable to find version of CDP to use for 148.0.7778.218. You may need to include a dependency on a specific version of the CDP using something similar to `org.seleniumhq.selenium:selenium-devtools-v86:4.20.0` where the version ("v86") matches the version of the chromium-based browser you're using and the version number of the artifact is the same as Selenium's.
]]></system-err>
  </testcase>
  <testcase name="CP-13 Editar campo de perfil con datos desde Excel #2" classname="Actualización de perfil en My Info" time="19.793">
    <system-out><![CDATA[
@perfil @caso13 @regression
Esquema del escenario: CP-13 Editar campo de perfil con datos desde Excel # src/test/resources/features/perfil.feature:22
  Dado el usuario está autenticado en el sistema                          # stepDefinitions.BusquedaSteps.usuario_autenticado_en_sistema()
  Cuando navega al módulo My Info                                         # stepDefinitions.PerfilSteps.navega_a_my_info()
CASO 13 - Fila 2: Campo=Driver License, Valor=B-12345
  Y actualiza el campo de perfil de la fila 2 del archivo de perfil       # stepDefinitions.PerfilSteps.actualiza_campo_perfil_excel(int)
  Y hace click en Save del perfil                                         # stepDefinitions.PerfilSteps.click_save_perfil()
CASO 13 OK: Campo 'Driver License' actualizado a 'B-12345'
  Entonces el campo debe reflejar el nuevo valor                          # stepDefinitions.PerfilSteps.campo_refleja_nuevo_valor()
Screenshot guardado: evidencias/CP13_Perfil_Driver_License_20260604_214338.png
CASO 13: Screenshot de perfil guardado
  Y se captura screenshot como evidencia del perfil                       # stepDefinitions.PerfilSteps.captura_screenshot_perfil()
]]></system-out>
    <system-err><![CDATA[jun 04, 2026 9:43:19 P. M. org.openqa.selenium.devtools.CdpVersionFinder findNearestMatch
WARNING: Unable to find CDP implementation matching 148
jun 04, 2026 9:43:19 P. M. org.openqa.selenium.chromium.ChromiumDriver lambda$new$5
WARNING: Unable to find version of CDP to use for 148.0.7778.218. You may need to include a dependency on a specific version of the CDP using something similar to `org.seleniumhq.selenium:selenium-devtools-v86:4.20.0` where the version ("v86") matches the version of the chromium-based browser you're using and the version number of the artifact is the same as Selenium's.
]]></system-err>
  </testcase>
  <testcase name="CP-13 Editar campo de perfil con datos desde Excel #3" classname="Actualización de perfil en My Info" time="15.915">
    <system-out><![CDATA[
@perfil @caso13 @regression
Esquema del escenario: CP-13 Editar campo de perfil con datos desde Excel # src/test/resources/features/perfil.feature:23
  Dado el usuario está autenticado en el sistema                          # stepDefinitions.BusquedaSteps.usuario_autenticado_en_sistema()
  Cuando navega al módulo My Info                                         # stepDefinitions.PerfilSteps.navega_a_my_info()
CASO 13 - Fila 3: Campo=Nationality, Valor=Chilean
Nationality no disponible
  Y actualiza el campo de perfil de la fila 3 del archivo de perfil       # stepDefinitions.PerfilSteps.actualiza_campo_perfil_excel(int)
  Y hace click en Save del perfil                                         # stepDefinitions.PerfilSteps.click_save_perfil()
CASO 13 OK: Campo 'Nationality' actualizado a 'Chilean'
  Entonces el campo debe reflejar el nuevo valor                          # stepDefinitions.PerfilSteps.campo_refleja_nuevo_valor()
Screenshot guardado: evidencias/CP13_Perfil_Nationality_20260604_214354.png
CASO 13: Screenshot de perfil guardado
  Y se captura screenshot como evidencia del perfil                       # stepDefinitions.PerfilSteps.captura_screenshot_perfil()
]]></system-out>
    <system-err><![CDATA[jun 04, 2026 9:43:39 P. M. org.openqa.selenium.devtools.CdpVersionFinder findNearestMatch
WARNING: Unable to find CDP implementation matching 148
jun 04, 2026 9:43:39 P. M. org.openqa.selenium.chromium.ChromiumDriver lambda$new$5
WARNING: Unable to find version of CDP to use for 148.0.7778.218. You may need to include a dependency on a specific version of the CDP using something similar to `org.seleniumhq.selenium:selenium-devtools-v86:4.20.0` where the version ("v86") matches the version of the chromium-based browser you're using and the version number of the artifact is the same as Selenium's.
]]></system-err>
  </testcase>
  <testcase name="CP-09 Reporte Cucumber HTML publicado online" classname="Generación de Reportes Cucumber en OrangeHRM" time="8.443">
    <system-out><![CDATA[
@reportes @caso9 @smoke
Escenario: CP-09 Reporte Cucumber HTML publicado online      # src/test/resources/features/reportes.feature:11
  Dado el usuario está autenticado en el sistema             # stepDefinitions.BusquedaSteps.usuario_autenticado_en_sistema()
OK: Dashboard cargado - reporte generado en target/cucumber-reports/
  Entonces el Dashboard debe mostrar los widgets del sistema # stepDefinitions.BusquedaSteps.dashboard_muestra_widgets()
]]></system-out>
    <system-err><![CDATA[jun 04, 2026 9:43:55 P. M. org.openqa.selenium.devtools.CdpVersionFinder findNearestMatch
WARNING: Unable to find CDP implementation matching 148
jun 04, 2026 9:43:55 P. M. org.openqa.selenium.chromium.ChromiumDriver lambda$new$5
WARNING: Unable to find version of CDP to use for 148.0.7778.218. You may need to include a dependency on a specific version of the CDP using something similar to `org.seleniumhq.selenium:selenium-devtools-v86:4.20.0` where the version ("v86") matches the version of the chromium-based browser you're using and the version number of the artifact is the same as Selenium's.
]]></system-err>
  </testcase>
  <testcase name="CP-10 Reporte Maven Masterthought generado" classname="Generación de Reportes Cucumber en OrangeHRM" time="8.316">
    <system-out><![CDATA[
@reportes @caso10 @smoke
Escenario: CP-10 Reporte Maven Masterthought generado        # src/test/resources/features/reportes.feature:17
  Dado el usuario está autenticado en el sistema             # stepDefinitions.BusquedaSteps.usuario_autenticado_en_sistema()
OK: Dashboard cargado - reporte generado en target/cucumber-reports/
  Entonces el Dashboard debe mostrar los widgets del sistema # stepDefinitions.BusquedaSteps.dashboard_muestra_widgets()
]]></system-out>
    <system-err><![CDATA[jun 04, 2026 9:44:03 P. M. org.openqa.selenium.devtools.CdpVersionFinder findNearestMatch
WARNING: Unable to find CDP implementation matching 148
jun 04, 2026 9:44:03 P. M. org.openqa.selenium.chromium.ChromiumDriver lambda$new$5
WARNING: Unable to find version of CDP to use for 148.0.7778.218. You may need to include a dependency on a specific version of the CDP using something similar to `org.seleniumhq.selenium:selenium-devtools-v86:4.20.0` where the version ("v86") matches the version of the chromium-based browser you're using and the version number of the artifact is the same as Selenium's.
]]></system-err>
  </testcase>
  <testcase name="CP-11 Métricas de ejecución disponibles en el reporte" classname="Generación de Reportes Cucumber en OrangeHRM" time="8.708">
    <system-out><![CDATA[
@reportes @caso11 @smoke
Escenario: CP-11 Métricas de ejecución disponibles en el reporte # src/test/resources/features/reportes.feature:23
  Dado el usuario está autenticado en el sistema                 # stepDefinitions.BusquedaSteps.usuario_autenticado_en_sistema()
OK: Dashboard cargado - reporte generado en target/cucumber-reports/
  Entonces el Dashboard debe mostrar los widgets del sistema     # stepDefinitions.BusquedaSteps.dashboard_muestra_widgets()
]]></system-out>
    <system-err><![CDATA[jun 04, 2026 9:44:11 P. M. org.openqa.selenium.devtools.CdpVersionFinder findNearestMatch
WARNING: Unable to find CDP implementation matching 148
jun 04, 2026 9:44:11 P. M. org.openqa.selenium.chromium.ChromiumDriver lambda$new$5
WARNING: Unable to find version of CDP to use for 148.0.7778.218. You may need to include a dependency on a specific version of the CDP using something similar to `org.seleniumhq.selenium:selenium-devtools-v86:4.20.0` where the version ("v86") matches the version of the chromium-based browser you're using and the version number of the artifact is the same as Selenium's.
]]></system-err>
  </testcase>
  <testcase name="CP-12 Artefactos JSON y XML generados para CI/CD" classname="Generación de Reportes Cucumber en OrangeHRM" time="8.736">
    <system-out><![CDATA[
@reportes @caso12 @smoke
Escenario: CP-12 Artefactos JSON y XML generados para CI/CD  # src/test/resources/features/reportes.feature:29
  Dado el usuario está autenticado en el sistema             # stepDefinitions.BusquedaSteps.usuario_autenticado_en_sistema()
OK: Dashboard cargado - reporte generado en target/cucumber-reports/
  Entonces el Dashboard debe mostrar los widgets del sistema # stepDefinitions.BusquedaSteps.dashboard_muestra_widgets()
]]></system-out>
    <system-err><![CDATA[jun 04, 2026 9:44:20 P. M. org.openqa.selenium.devtools.CdpVersionFinder findNearestMatch
WARNING: Unable to find CDP implementation matching 148
jun 04, 2026 9:44:20 P. M. org.openqa.selenium.chromium.ChromiumDriver lambda$new$5
WARNING: Unable to find version of CDP to use for 148.0.7778.218. You may need to include a dependency on a specific version of the CDP using something similar to `org.seleniumhq.selenium:selenium-devtools-v86:4.20.0` where the version ("v86") matches the version of the chromium-based browser you're using and the version number of the artifact is the same as Selenium's.
]]></system-err>
  </testcase>
  <testcase name="CP-15 Verificar métricas finales de la suite completa" classname="Suite Completa de Automatización OrangeHRM" time="8.045">
    <system-out><![CDATA[
@suite @caso15 @smoke
Escenario: CP-15 Verificar métricas finales de la suite completa          # src/test/resources/features/suite.feature:11
  Dado el usuario está autenticado en el sistema                          # stepDefinitions.BusquedaSteps.usuario_autenticado_en_sistema()
OK: Dashboard cargado - reporte generado en target/cucumber-reports/
  Entonces el Dashboard debe mostrar los widgets del sistema              # stepDefinitions.BusquedaSteps.dashboard_muestra_widgets()
CASO 15 - Métricas disponibles en: target/cucumber-reports-detallados/
  - % Automatizable: 100% (15/15 casos)
  - Progreso: 100% (15/15 automatizados)
  - Tasa de fallos objetivo: < 10%
  Y las métricas de la suite deben estar dentro de los umbrales definidos # stepDefinitions.BusquedaSteps.metricas_dentro_de_umbrales()
]]></system-out>
    <system-err><![CDATA[jun 04, 2026 9:44:29 P. M. org.openqa.selenium.devtools.CdpVersionFinder findNearestMatch
WARNING: Unable to find CDP implementation matching 148
jun 04, 2026 9:44:29 P. M. org.openqa.selenium.chromium.ChromiumDriver lambda$new$5
WARNING: Unable to find version of CDP to use for 148.0.7778.218. You may need to include a dependency on a specific version of the CDP using something similar to `org.seleniumhq.selenium:selenium-devtools-v86:4.20.0` where the version ("v86") matches the version of the chromium-based browser you're using and the version number of the artifact is the same as Selenium's.
]]></system-err>
  </testcase>
</testsuite>